# JRE version: Java(TM) SE Runtime Environment (8.0_31-b13) (build 1.8.0_31-b13)
# Java VM: Java HotSpot(TM) 64-Bit Server VM (25.31-b07 mixed mode windows-amd64 compressed oops)
Heap:
 PSYoungGen      total 57344K, used 12039K [0x00000000eab00000, 0x00000000ee780000, 0x0000000100000000)
  eden space 53248K, 22% used [0x00000000eab00000,0x00000000eb6c1d48,0x00000000edf00000)
  from space 4096K, 0% used [0x00000000edf00000,0x00000000edf00000,0x00000000ee300000)
  to   space 4096K, 0% used [0x00000000ee380000,0x00000000ee380000,0x00000000ee780000)
 ParOldGen       total 250880K, used 110207K [0x00000000c0000000, 0x00000000cf500000, 0x00000000eab00000)
  object space 250880K, 43% used [0x00000000c0000000,0x00000000c6b9ff00,0x00000000cf500000)
 Metaspace       used 89171K, capacity 97229K, committed 97792K, reserved 1134592K
  class space    used 10125K, capacity 12477K, committed 12544K, reserved 1048576K
GC Heap History (10 events):
Event: 5318.281 GC heap before
{Heap before GC invocations=235 (full 5):
 PSYoungGen      total 56832K, used 55200K [0x00000000eab00000, 0x00000000ee680000, 0x0000000100000000)
  eden space 52224K, 100% used [0x00000000eab00000,0x00000000ede00000,0x00000000ede00000)
  from space 4608K, 64% used [0x00000000ede00000,0x00000000ee0e8000,0x00000000ee280000)
  to   space 4096K, 0% used [0x00000000ee280000,0x00000000ee280000,0x00000000ee680000)
 ParOldGen       total 178688K, used 98321K [0x00000000c0000000, 0x00000000cae80000, 0x00000000eab00000)
  object space 178688K, 55% used [0x00000000c0000000,0x00000000c6004488,0x00000000cae80000)
 Metaspace       used 89313K, capacity 97517K, committed 97792K, reserved 1134592K
  class space    used 10151K, capacity 12525K, committed 12544K, reserved 1048576K
Event: 5318.293 GC heap after
Heap after GC invocations=235 (full 5):
 PSYoungGen      total 56832K, used 3072K [0x00000000eab00000, 0x00000000ee680000, 0x0000000100000000)
  eden space 52736K, 0% used [0x00000000eab00000,0x00000000eab00000,0x00000000ede80000)
  from space 4096K, 75% used [0x00000000ee280000,0x00000000ee580000,0x00000000ee680000)
  to   space 4096K, 0% used [0x00000000ede80000,0x00000000ede80000,0x00000000ee280000)
 ParOldGen       total 178688K, used 98377K [0x00000000c0000000, 0x00000000cae80000, 0x00000000eab00000)
  object space 178688K, 55% used [0x00000000c0000000,0x00000000c6012488,0x00000000cae80000)
 Metaspace       used 89313K, capacity 97517K, committed 97792K, reserved 1134592K
  class space    used 10151K, capacity 12525K, committed 12544K, reserved 1048576K
}
Event: 6504.628 GC heap before
{Heap before GC invocations=236 (full 5):
 PSYoungGen      total 56832K, used 55808K [0x00000000eab00000, 0x00000000ee680000, 0x0000000100000000)
  eden space 52736K, 100% used [0x00000000eab00000,0x00000000ede80000,0x00000000ede80000)
  from space 4096K, 75% used [0x00000000ee280000,0x00000000ee580000,0x00000000ee680000)
  to   space 4096K, 0% used [0x00000000ede80000,0x00000000ede80000,0x00000000ee280000)
 ParOldGen       total 178688K, used 98377K [0x00000000c0000000, 0x00000000cae80000, 0x00000000eab00000)
  object space 178688K, 55% used [0x00000000c0000000,0x00000000c6012488,0x00000000cae80000)
 Metaspace       used 89317K, capacity 97523K, committed 97792K, reserved 1134592K
  class space    used 10151K, capacity 12526K, committed 12544K, reserved 1048576K
Event: 6504.636 GC heap after
Heap after GC invocations=236 (full 5):
 PSYoungGen      total 56832K, used 3136K [0x00000000eab00000, 0x00000000ee700000, 0x0000000100000000)
  eden space 52736K, 0% used [0x00000000eab00000,0x00000000eab00000,0x00000000ede80000)
  from space 4096K, 76% used [0x00000000ede80000,0x00000000ee190000,0x00000000ee280000)
  to   space 4096K, 0% used [0x00000000ee300000,0x00000000ee300000,0x00000000ee700000)
 ParOldGen       total 178688K, used 98577K [0x00000000c0000000, 0x00000000cae80000, 0x00000000eab00000)
  object space 178688K, 55% used [0x00000000c0000000,0x00000000c6044488,0x00000000cae80000)
 Metaspace       used 89317K, capacity 97523K, committed 97792K, reserved 1134592K
  class space    used 10151K, capacity 12526K, committed 12544K, reserved 1048576K
}
Event: 6514.889 GC heap before
{Heap before GC invocations=237 (full 5):
 PSYoungGen      total 56832K, used 53513K [0x00000000eab00000, 0x00000000ee700000, 0x0000000100000000)
  eden space 52736K, 95% used [0x00000000eab00000,0x00000000edc32650,0x00000000ede80000)
  from space 4096K, 76% used [0x00000000ede80000,0x00000000ee190000,0x00000000ee280000)
  to   space 4096K, 0% used [0x00000000ee300000,0x00000000ee300000,0x00000000ee700000)
 ParOldGen       total 178688K, used 98577K [0x00000000c0000000, 0x00000000cae80000, 0x00000000eab00000)
  object space 178688K, 55% used [0x00000000c0000000,0x00000000c6044488,0x00000000cae80000)
 Metaspace       used 89319K, capacity 97523K, committed 97792K, reserved 1134592K
  class space    used 10152K, capacity 12526K, committed 12544K, reserved 1048576K
Event: 6514.905 GC heap after
Heap after GC invocations=237 (full 5):
 PSYoungGen      total 57344K, used 2976K [0x00000000eab00000, 0x00000000ee700000, 0x0000000100000000)
  eden space 53248K, 0% used [0x00000000eab00000,0x00000000eab00000,0x00000000edf00000)
  from space 4096K, 72% used [0x00000000ee300000,0x00000000ee5e8000,0x00000000ee700000)
  to   space 4096K, 0% used [0x00000000edf00000,0x00000000edf00000,0x00000000ee300000)
 ParOldGen       total 178688K, used 113096K [0x00000000c0000000, 0x00000000cae80000, 0x00000000eab00000)
  object space 178688K, 63% used [0x00000000c0000000,0x00000000c6e720b8,0x00000000cae80000)
 Metaspace       used 89319K, capacity 97523K, committed 97792K, reserved 1134592K
  class space    used 10152K, capacity 12526K, committed 12544K, reserved 1048576K
}
Event: 6531.340 GC heap before
{Heap before GC invocations=238 (full 5):
 PSYoungGen      total 57344K, used 56224K [0x00000000eab00000, 0x00000000ee700000, 0x0000000100000000)
  eden space 53248K, 100% used [0x00000000eab00000,0x00000000edf00000,0x00000000edf00000)
  from space 4096K, 72% used [0x00000000ee300000,0x00000000ee5e8000,0x00000000ee700000)
  to   space 4096K, 0% used [0x00000000edf00000,0x00000000edf00000,0x00000000ee300000)
 ParOldGen       total 178688K, used 113096K [0x00000000c0000000, 0x00000000cae80000, 0x00000000eab00000)
  object space 178688K, 63% used [0x00000000c0000000,0x00000000c6e720b8,0x00000000cae80000)
 Metaspace       used 89336K, capacity 97523K, committed 97792K, reserved 1134592K
  class space    used 10152K, capacity 12526K, committed 12544K, reserved 1048576K
Event: 6531.437 GC heap after
Heap after GC invocations=238 (full 5):
 PSYoungGen      total 57344K, used 1760K [0x00000000eab00000, 0x00000000ee780000, 0x0000000100000000)
  eden space 53248K, 0% used [0x00000000eab00000,0x00000000eab00000,0x00000000edf00000)
  from space 4096K, 42% used [0x00000000edf00000,0x00000000ee0b8000,0x00000000ee300000)
  to   space 4096K, 0% used [0x00000000ee380000,0x00000000ee380000,0x00000000ee780000)
 ParOldGen       total 186880K, used 183583K [0x00000000c0000000, 0x00000000cb680000, 0x00000000eab00000)
  object space 186880K, 98% used [0x00000000c0000000,0x00000000cb347f48,0x00000000cb680000)
 Metaspace       used 89336K, capacity 97523K, committed 97792K, reserved 1134592K
  class space    used 10152K, capacity 12526K, committed 12544K, reserved 1048576K
}
Event: 6531.437 GC heap before
{Heap before GC invocations=239 (full 6):
 PSYoungGen      total 57344K, used 1760K [0x00000000eab00000, 0x00000000ee780000, 0x0000000100000000)
  eden space 53248K, 0% used [0x00000000eab00000,0x00000000eab00000,0x00000000edf00000)
  from space 4096K, 42% used [0x00000000edf00000,0x00000000ee0b8000,0x00000000ee300000)
  to   space 4096K, 0% used [0x00000000ee380000,0x00000000ee380000,0x00000000ee780000)
 ParOldGen       total 186880K, used 183583K [0x00000000c0000000, 0x00000000cb680000, 0x00000000eab00000)
  object space 186880K, 98% used [0x00000000c0000000,0x00000000cb347f48,0x00000000cb680000)
 Metaspace       used 89336K, capacity 97523K, committed 97792K, reserved 1134592K
  class space    used 10152K, capacity 12526K, committed 12544K, reserved 1048576K
Event: 6532.090 GC heap after
Heap after GC invocations=239 (full 6):
 PSYoungGen      total 57344K, used 0K [0x00000000eab00000, 0x00000000ee780000, 0x0000000100000000)
  eden space 53248K, 0% used [0x00000000eab00000,0x00000000eab00000,0x00000000edf00000)
  from space 4096K, 0% used [0x00000000edf00000,0x00000000edf00000,0x00000000ee300000)
  to   space 4096K, 0% used [0x00000000ee380000,0x00000000ee380000,0x00000000ee780000)
 ParOldGen       total 250880K, used 110207K [0x00000000c0000000, 0x00000000cf500000, 0x00000000eab00000)
  object space 250880K, 43% used [0x00000000c0000000,0x00000000c6b9ff00,0x00000000cf500000)
 Metaspace       used 89165K, capacity 97223K, committed 97792K, reserved 1134592K
  class space    used 10124K, capacity 12476K, committed 12544K, reserved 1048576K
}

